2024-07-15 22:42:15,830 INFO Starting HelloSpringBatchApplication v0.0.1-SNAPSHOT using Java 21.0.3 with PID 24470 (/Applications/Eclipse_2024-06.app/Contents/workspace/hello-spring-batch/target/hello-spring-batch-0.0.1-SNAPSHOT.jar started by satokeita in /Applications/Eclipse_2024-06.app/Contents/workspace/hello-spring-batch/target) 
2024-07-15 22:42:15,830 INFO No active profile set, falling back to 1 default profile: "default" 
2024-07-15 22:42:16,043 WARN Bean 'org.springframework.boot.autoconfigure.jdbc.DataSourceConfiguration$Hikari' of type [org.springframework.boot.autoconfigure.jdbc.DataSourceConfiguration$Hikari] is not eligible for getting processed by all BeanPostProcessors (for example: not eligible for auto-proxying). Is this bean getting eagerly injected into a currently created BeanPostProcessor [jobRegistryBeanPostProcessor]? Check the corresponding BeanPostProcessor declaration and its dependencies. 
2024-07-15 22:42:16,057 WARN Bean 'spring.datasource-org.springframework.boot.autoconfigure.jdbc.DataSourceProperties' of type [org.springframework.boot.autoconfigure.jdbc.DataSourceProperties] is not eligible for getting processed by all BeanPostProcessors (for example: not eligible for auto-proxying). Is this bean getting eagerly injected into a currently created BeanPostProcessor [jobRegistryBeanPostProcessor]? Check the corresponding BeanPostProcessor declaration and its dependencies. 
2024-07-15 22:42:16,058 WARN Bean 'org.springframework.boot.autoconfigure.jdbc.DataSourceAutoConfiguration$PooledDataSourceConfiguration' of type [org.springframework.boot.autoconfigure.jdbc.DataSourceAutoConfiguration$PooledDataSourceConfiguration] is not eligible for getting processed by all BeanPostProcessors (for example: not eligible for auto-proxying). Is this bean getting eagerly injected into a currently created BeanPostProcessor [jobRegistryBeanPostProcessor]? Check the corresponding BeanPostProcessor declaration and its dependencies. 
2024-07-15 22:42:16,058 WARN Bean 'jdbcConnectionDetails' of type [org.springframework.boot.autoconfigure.jdbc.PropertiesJdbcConnectionDetails] is not eligible for getting processed by all BeanPostProcessors (for example: not eligible for auto-proxying). Is this bean getting eagerly injected into a currently created BeanPostProcessor [jobRegistryBeanPostProcessor]? Check the corresponding BeanPostProcessor declaration and its dependencies. 
2024-07-15 22:42:16,067 WARN Bean 'dataSource' of type [com.zaxxer.hikari.HikariDataSource] is not eligible for getting processed by all BeanPostProcessors (for example: not eligible for auto-proxying). Is this bean getting eagerly injected into a currently created BeanPostProcessor [jobRegistryBeanPostProcessor]? Check the corresponding BeanPostProcessor declaration and its dependencies. 
2024-07-15 22:42:16,069 WARN Bean 'org.springframework.boot.autoconfigure.jdbc.DataSourceTransactionManagerAutoConfiguration$JdbcTransactionManagerConfiguration' of type [org.springframework.boot.autoconfigure.jdbc.DataSourceTransactionManagerAutoConfiguration$JdbcTransactionManagerConfiguration] is not eligible for getting processed by all BeanPostProcessors (for example: not eligible for auto-proxying). Is this bean getting eagerly injected into a currently created BeanPostProcessor [jobRegistryBeanPostProcessor]? Check the corresponding BeanPostProcessor declaration and its dependencies. 
2024-07-15 22:42:16,072 WARN Bean 'org.springframework.boot.autoconfigure.transaction.TransactionManagerCustomizationAutoConfiguration' of type [org.springframework.boot.autoconfigure.transaction.TransactionManagerCustomizationAutoConfiguration] is not eligible for getting processed by all BeanPostProcessors (for example: not eligible for auto-proxying). Is this bean getting eagerly injected into a currently created BeanPostProcessor [jobRegistryBeanPostProcessor]? Check the corresponding BeanPostProcessor declaration and its dependencies. 
2024-07-15 22:42:16,074 WARN Bean 'transactionExecutionListeners' of type [org.springframework.boot.autoconfigure.transaction.ExecutionListenersTransactionManagerCustomizer] is not eligible for getting processed by all BeanPostProcessors (for example: not eligible for auto-proxying). Is this bean getting eagerly injected into a currently created BeanPostProcessor [jobRegistryBeanPostProcessor]? Check the corresponding BeanPostProcessor declaration and its dependencies. 
2024-07-15 22:42:16,075 WARN Bean 'spring.transaction-org.springframework.boot.autoconfigure.transaction.TransactionProperties' of type [org.springframework.boot.autoconfigure.transaction.TransactionProperties] is not eligible for getting processed by all BeanPostProcessors (for example: not eligible for auto-proxying). Is this bean getting eagerly injected into a currently created BeanPostProcessor [jobRegistryBeanPostProcessor]? Check the corresponding BeanPostProcessor declaration and its dependencies. 
2024-07-15 22:42:16,075 WARN Bean 'platformTransactionManagerCustomizers' of type [org.springframework.boot.autoconfigure.transaction.TransactionManagerCustomizers] is not eligible for getting processed by all BeanPostProcessors (for example: not eligible for auto-proxying). Is this bean getting eagerly injected into a currently created BeanPostProcessor [jobRegistryBeanPostProcessor]? Check the corresponding BeanPostProcessor declaration and its dependencies. 
2024-07-15 22:42:16,077 WARN Bean 'transactionManager' of type [org.springframework.jdbc.support.JdbcTransactionManager] is not eligible for getting processed by all BeanPostProcessors (for example: not eligible for auto-proxying). Is this bean getting eagerly injected into a currently created BeanPostProcessor [jobRegistryBeanPostProcessor]? Check the corresponding BeanPostProcessor declaration and its dependencies. 
2024-07-15 22:42:16,079 WARN Bean 'spring.batch-org.springframework.boot.autoconfigure.batch.BatchProperties' of type [org.springframework.boot.autoconfigure.batch.BatchProperties] is not eligible for getting processed by all BeanPostProcessors (for example: not eligible for auto-proxying). Is this bean getting eagerly injected into a currently created BeanPostProcessor [jobRegistryBeanPostProcessor]? Check the corresponding BeanPostProcessor declaration and its dependencies. 
2024-07-15 22:42:16,083 WARN Bean 'org.springframework.boot.autoconfigure.batch.BatchAutoConfiguration$SpringBootBatchConfiguration' of type [org.springframework.boot.autoconfigure.batch.BatchAutoConfiguration$SpringBootBatchConfiguration] is not eligible for getting processed by all BeanPostProcessors (for example: not eligible for auto-proxying). The currently created BeanPostProcessor [jobRegistryBeanPostProcessor] is declared through a non-static factory method on that class; consider declaring it as static instead. 
2024-07-15 22:42:16,094 INFO HikariPool-1 - Starting... 
2024-07-15 22:42:16,283 INFO HikariPool-1 - Added connection com.mysql.cj.jdbc.ConnectionImpl@2e86807a 
2024-07-15 22:42:16,284 INFO HikariPool-1 - Start completed. 
2024-07-15 22:42:16,406 INFO Started HelloSpringBatchApplication in 0.7 seconds (process running for 1.009) 
2024-07-15 22:42:16,407 INFO Running default command line with: [param1=PROD, param2=1000] 
2024-07-15 22:42:16,457 INFO Job: [SimpleJob: [name=helloJob]] launched with the following parameters: [{'run.id':'{value=16, type=class java.lang.Long, identifying=true}','param1':'{value=PROD, type=class java.lang.String, identifying=true}','param2':'{value=1000, type=class java.lang.String, identifying=true}'}] 
2024-07-15 22:42:16,498 INFO Executing step: [helloTasklet1Step] 
2024-07-15 22:42:16,512 INFO Hello Tasklet 1 !!! 
2024-07-15 22:42:16,512 INFO param1 = PROD 
2024-07-15 22:42:16,512 INFO param2 = 1000 
2024-07-15 22:42:16,516 INFO Step: [helloTasklet1Step] executed in 17ms 
2024-07-15 22:42:16,525 INFO Executing step: [helloTasklet2Step] 
2024-07-15 22:42:16,530 INFO HelloTasklet2 !!!! 
2024-07-15 22:42:16,530 INFO jobValue = jobValue1 
2024-07-15 22:42:16,533 INFO Step: [helloTasklet2Step] executed in 7ms 
2024-07-15 22:42:16,538 INFO Job: [SimpleJob: [name=helloJob]] completed with the following parameters: [{'run.id':'{value=16, type=class java.lang.Long, identifying=true}','param1':'{value=PROD, type=class java.lang.String, identifying=true}','param2':'{value=1000, type=class java.lang.String, identifying=true}'}] and the following status: [COMPLETED] in 72ms 
2024-07-15 22:42:16,540 INFO HikariPool-1 - Shutdown initiated... 
2024-07-15 22:42:16,581 INFO HikariPool-1 - Shutdown completed. 
2024-07-15 23:20:29,245 INFO Starting HelloSpringBatchApplication v0.0.1-SNAPSHOT using Java 21.0.3 with PID 39995 (/Applications/Eclipse_2024-06.app/Contents/workspace/hello-spring-batch/target/hello-spring-batch-0.0.1-SNAPSHOT.jar started by satokeita in /Applications/Eclipse_2024-06.app/Contents/workspace/hello-spring-batch/target) 
2024-07-15 23:20:29,245 INFO No active profile set, falling back to 1 default profile: "default" 
2024-07-15 23:20:29,452 WARN Bean 'org.springframework.boot.autoconfigure.jdbc.DataSourceConfiguration$Hikari' of type [org.springframework.boot.autoconfigure.jdbc.DataSourceConfiguration$Hikari] is not eligible for getting processed by all BeanPostProcessors (for example: not eligible for auto-proxying). Is this bean getting eagerly injected into a currently created BeanPostProcessor [jobRegistryBeanPostProcessor]? Check the corresponding BeanPostProcessor declaration and its dependencies. 
2024-07-15 23:20:29,465 WARN Bean 'spring.datasource-org.springframework.boot.autoconfigure.jdbc.DataSourceProperties' of type [org.springframework.boot.autoconfigure.jdbc.DataSourceProperties] is not eligible for getting processed by all BeanPostProcessors (for example: not eligible for auto-proxying). Is this bean getting eagerly injected into a currently created BeanPostProcessor [jobRegistryBeanPostProcessor]? Check the corresponding BeanPostProcessor declaration and its dependencies. 
2024-07-15 23:20:29,466 WARN Bean 'org.springframework.boot.autoconfigure.jdbc.DataSourceAutoConfiguration$PooledDataSourceConfiguration' of type [org.springframework.boot.autoconfigure.jdbc.DataSourceAutoConfiguration$PooledDataSourceConfiguration] is not eligible for getting processed by all BeanPostProcessors (for example: not eligible for auto-proxying). Is this bean getting eagerly injected into a currently created BeanPostProcessor [jobRegistryBeanPostProcessor]? Check the corresponding BeanPostProcessor declaration and its dependencies. 
2024-07-15 23:20:29,466 WARN Bean 'jdbcConnectionDetails' of type [org.springframework.boot.autoconfigure.jdbc.PropertiesJdbcConnectionDetails] is not eligible for getting processed by all BeanPostProcessors (for example: not eligible for auto-proxying). Is this bean getting eagerly injected into a currently created BeanPostProcessor [jobRegistryBeanPostProcessor]? Check the corresponding BeanPostProcessor declaration and its dependencies. 
2024-07-15 23:20:29,476 WARN Bean 'dataSource' of type [com.zaxxer.hikari.HikariDataSource] is not eligible for getting processed by all BeanPostProcessors (for example: not eligible for auto-proxying). Is this bean getting eagerly injected into a currently created BeanPostProcessor [jobRegistryBeanPostProcessor]? Check the corresponding BeanPostProcessor declaration and its dependencies. 
2024-07-15 23:20:29,478 WARN Bean 'org.springframework.boot.autoconfigure.jdbc.DataSourceTransactionManagerAutoConfiguration$JdbcTransactionManagerConfiguration' of type [org.springframework.boot.autoconfigure.jdbc.DataSourceTransactionManagerAutoConfiguration$JdbcTransactionManagerConfiguration] is not eligible for getting processed by all BeanPostProcessors (for example: not eligible for auto-proxying). Is this bean getting eagerly injected into a currently created BeanPostProcessor [jobRegistryBeanPostProcessor]? Check the corresponding BeanPostProcessor declaration and its dependencies. 
2024-07-15 23:20:29,480 WARN Bean 'org.springframework.boot.autoconfigure.transaction.TransactionManagerCustomizationAutoConfiguration' of type [org.springframework.boot.autoconfigure.transaction.TransactionManagerCustomizationAutoConfiguration] is not eligible for getting processed by all BeanPostProcessors (for example: not eligible for auto-proxying). Is this bean getting eagerly injected into a currently created BeanPostProcessor [jobRegistryBeanPostProcessor]? Check the corresponding BeanPostProcessor declaration and its dependencies. 
2024-07-15 23:20:29,482 WARN Bean 'transactionExecutionListeners' of type [org.springframework.boot.autoconfigure.transaction.ExecutionListenersTransactionManagerCustomizer] is not eligible for getting processed by all BeanPostProcessors (for example: not eligible for auto-proxying). Is this bean getting eagerly injected into a currently created BeanPostProcessor [jobRegistryBeanPostProcessor]? Check the corresponding BeanPostProcessor declaration and its dependencies. 
2024-07-15 23:20:29,483 WARN Bean 'spring.transaction-org.springframework.boot.autoconfigure.transaction.TransactionProperties' of type [org.springframework.boot.autoconfigure.transaction.TransactionProperties] is not eligible for getting processed by all BeanPostProcessors (for example: not eligible for auto-proxying). Is this bean getting eagerly injected into a currently created BeanPostProcessor [jobRegistryBeanPostProcessor]? Check the corresponding BeanPostProcessor declaration and its dependencies. 
2024-07-15 23:20:29,483 WARN Bean 'platformTransactionManagerCustomizers' of type [org.springframework.boot.autoconfigure.transaction.TransactionManagerCustomizers] is not eligible for getting processed by all BeanPostProcessors (for example: not eligible for auto-proxying). Is this bean getting eagerly injected into a currently created BeanPostProcessor [jobRegistryBeanPostProcessor]? Check the corresponding BeanPostProcessor declaration and its dependencies. 
2024-07-15 23:20:29,485 WARN Bean 'transactionManager' of type [org.springframework.jdbc.support.JdbcTransactionManager] is not eligible for getting processed by all BeanPostProcessors (for example: not eligible for auto-proxying). Is this bean getting eagerly injected into a currently created BeanPostProcessor [jobRegistryBeanPostProcessor]? Check the corresponding BeanPostProcessor declaration and its dependencies. 
2024-07-15 23:20:29,486 WARN Bean 'spring.batch-org.springframework.boot.autoconfigure.batch.BatchProperties' of type [org.springframework.boot.autoconfigure.batch.BatchProperties] is not eligible for getting processed by all BeanPostProcessors (for example: not eligible for auto-proxying). Is this bean getting eagerly injected into a currently created BeanPostProcessor [jobRegistryBeanPostProcessor]? Check the corresponding BeanPostProcessor declaration and its dependencies. 
2024-07-15 23:20:29,489 WARN Bean 'org.springframework.boot.autoconfigure.batch.BatchAutoConfiguration$SpringBootBatchConfiguration' of type [org.springframework.boot.autoconfigure.batch.BatchAutoConfiguration$SpringBootBatchConfiguration] is not eligible for getting processed by all BeanPostProcessors (for example: not eligible for auto-proxying). The currently created BeanPostProcessor [jobRegistryBeanPostProcessor] is declared through a non-static factory method on that class; consider declaring it as static instead. 
2024-07-15 23:20:29,500 INFO HikariPool-1 - Starting... 
2024-07-15 23:20:29,673 INFO HikariPool-1 - Added connection com.mysql.cj.jdbc.ConnectionImpl@205df5dc 
2024-07-15 23:20:29,673 INFO HikariPool-1 - Start completed. 
2024-07-15 23:20:29,788 INFO Started HelloSpringBatchApplication in 0.667 seconds (process running for 0.947) 
2024-07-15 23:20:29,793 INFO Running default command line with: [param1=PROD, param2=1000] 
2024-07-15 23:20:29,846 INFO Job: [SimpleJob: [name=helloJob]] launched with the following parameters: [{'run.id':'{value=17, type=class java.lang.Long, identifying=true}','param1':'{value=PROD, type=class java.lang.String, identifying=true}','param2':'{value=1000, type=class java.lang.String, identifying=true}'}] 
2024-07-15 23:20:29,860 INFO Executing step: [helloTasklet1Step] 
2024-07-15 23:20:29,873 INFO Hello Tasklet 1 !!! 
2024-07-15 23:20:29,873 INFO param1 = PROD 
2024-07-15 23:20:29,873 INFO param2 = 1000 
2024-07-15 23:20:29,877 INFO Step: [helloTasklet1Step] executed in 16ms 
2024-07-15 23:20:29,884 INFO Executing step: [helloTasklet2Step] 
2024-07-15 23:20:29,889 INFO HelloTasklet2 !!!! 
2024-07-15 23:20:29,889 INFO jobValue = jobValue1 
2024-07-15 23:20:29,892 INFO Step: [helloTasklet2Step] executed in 7ms 
2024-07-15 23:20:29,897 INFO Job: [SimpleJob: [name=helloJob]] completed with the following parameters: [{'run.id':'{value=17, type=class java.lang.Long, identifying=true}','param1':'{value=PROD, type=class java.lang.String, identifying=true}','param2':'{value=1000, type=class java.lang.String, identifying=true}'}] and the following status: [COMPLETED] in 44ms 
2024-07-15 23:20:29,899 INFO HikariPool-1 - Shutdown initiated... 
2024-07-15 23:20:29,924 INFO HikariPool-1 - Shutdown completed. 
2024-07-15 23:25:06,743 INFO Starting HelloSpringBatchApplication v0.0.1-SNAPSHOT using Java 21.0.3 with PID 42331 (/Applications/Eclipse_2024-06.app/Contents/workspace/hello-spring-batch/target/hello-spring-batch-0.0.1-SNAPSHOT.jar started by satokeita in /Applications/Eclipse_2024-06.app/Contents/workspace/hello-spring-batch/target) 
2024-07-15 23:25:06,743 INFO No active profile set, falling back to 1 default profile: "default" 
2024-07-15 23:25:06,961 WARN Bean 'org.springframework.boot.autoconfigure.jdbc.DataSourceConfiguration$Hikari' of type [org.springframework.boot.autoconfigure.jdbc.DataSourceConfiguration$Hikari] is not eligible for getting processed by all BeanPostProcessors (for example: not eligible for auto-proxying). Is this bean getting eagerly injected into a currently created BeanPostProcessor [jobRegistryBeanPostProcessor]? Check the corresponding BeanPostProcessor declaration and its dependencies. 
2024-07-15 23:25:06,975 WARN Bean 'spring.datasource-org.springframework.boot.autoconfigure.jdbc.DataSourceProperties' of type [org.springframework.boot.autoconfigure.jdbc.DataSourceProperties] is not eligible for getting processed by all BeanPostProcessors (for example: not eligible for auto-proxying). Is this bean getting eagerly injected into a currently created BeanPostProcessor [jobRegistryBeanPostProcessor]? Check the corresponding BeanPostProcessor declaration and its dependencies. 
2024-07-15 23:25:06,976 WARN Bean 'org.springframework.boot.autoconfigure.jdbc.DataSourceAutoConfiguration$PooledDataSourceConfiguration' of type [org.springframework.boot.autoconfigure.jdbc.DataSourceAutoConfiguration$PooledDataSourceConfiguration] is not eligible for getting processed by all BeanPostProcessors (for example: not eligible for auto-proxying). Is this bean getting eagerly injected into a currently created BeanPostProcessor [jobRegistryBeanPostProcessor]? Check the corresponding BeanPostProcessor declaration and its dependencies. 
2024-07-15 23:25:06,976 WARN Bean 'jdbcConnectionDetails' of type [org.springframework.boot.autoconfigure.jdbc.PropertiesJdbcConnectionDetails] is not eligible for getting processed by all BeanPostProcessors (for example: not eligible for auto-proxying). Is this bean getting eagerly injected into a currently created BeanPostProcessor [jobRegistryBeanPostProcessor]? Check the corresponding BeanPostProcessor declaration and its dependencies. 
2024-07-15 23:25:06,986 WARN Bean 'dataSource' of type [com.zaxxer.hikari.HikariDataSource] is not eligible for getting processed by all BeanPostProcessors (for example: not eligible for auto-proxying). Is this bean getting eagerly injected into a currently created BeanPostProcessor [jobRegistryBeanPostProcessor]? Check the corresponding BeanPostProcessor declaration and its dependencies. 
2024-07-15 23:25:06,987 WARN Bean 'org.springframework.boot.autoconfigure.jdbc.DataSourceTransactionManagerAutoConfiguration$JdbcTransactionManagerConfiguration' of type [org.springframework.boot.autoconfigure.jdbc.DataSourceTransactionManagerAutoConfiguration$JdbcTransactionManagerConfiguration] is not eligible for getting processed by all BeanPostProcessors (for example: not eligible for auto-proxying). Is this bean getting eagerly injected into a currently created BeanPostProcessor [jobRegistryBeanPostProcessor]? Check the corresponding BeanPostProcessor declaration and its dependencies. 
2024-07-15 23:25:06,990 WARN Bean 'org.springframework.boot.autoconfigure.transaction.TransactionManagerCustomizationAutoConfiguration' of type [org.springframework.boot.autoconfigure.transaction.TransactionManagerCustomizationAutoConfiguration] is not eligible for getting processed by all BeanPostProcessors (for example: not eligible for auto-proxying). Is this bean getting eagerly injected into a currently created BeanPostProcessor [jobRegistryBeanPostProcessor]? Check the corresponding BeanPostProcessor declaration and its dependencies. 
2024-07-15 23:25:06,992 WARN Bean 'transactionExecutionListeners' of type [org.springframework.boot.autoconfigure.transaction.ExecutionListenersTransactionManagerCustomizer] is not eligible for getting processed by all BeanPostProcessors (for example: not eligible for auto-proxying). Is this bean getting eagerly injected into a currently created BeanPostProcessor [jobRegistryBeanPostProcessor]? Check the corresponding BeanPostProcessor declaration and its dependencies. 
2024-07-15 23:25:06,993 WARN Bean 'spring.transaction-org.springframework.boot.autoconfigure.transaction.TransactionProperties' of type [org.springframework.boot.autoconfigure.transaction.TransactionProperties] is not eligible for getting processed by all BeanPostProcessors (for example: not eligible for auto-proxying). Is this bean getting eagerly injected into a currently created BeanPostProcessor [jobRegistryBeanPostProcessor]? Check the corresponding BeanPostProcessor declaration and its dependencies. 
2024-07-15 23:25:06,993 WARN Bean 'platformTransactionManagerCustomizers' of type [org.springframework.boot.autoconfigure.transaction.TransactionManagerCustomizers] is not eligible for getting processed by all BeanPostProcessors (for example: not eligible for auto-proxying). Is this bean getting eagerly injected into a currently created BeanPostProcessor [jobRegistryBeanPostProcessor]? Check the corresponding BeanPostProcessor declaration and its dependencies. 
2024-07-15 23:25:06,996 WARN Bean 'transactionManager' of type [org.springframework.jdbc.support.JdbcTransactionManager] is not eligible for getting processed by all BeanPostProcessors (for example: not eligible for auto-proxying). Is this bean getting eagerly injected into a currently created BeanPostProcessor [jobRegistryBeanPostProcessor]? Check the corresponding BeanPostProcessor declaration and its dependencies. 
2024-07-15 23:25:06,997 WARN Bean 'spring.batch-org.springframework.boot.autoconfigure.batch.BatchProperties' of type [org.springframework.boot.autoconfigure.batch.BatchProperties] is not eligible for getting processed by all BeanPostProcessors (for example: not eligible for auto-proxying). Is this bean getting eagerly injected into a currently created BeanPostProcessor [jobRegistryBeanPostProcessor]? Check the corresponding BeanPostProcessor declaration and its dependencies. 
2024-07-15 23:25:07,001 WARN Bean 'org.springframework.boot.autoconfigure.batch.BatchAutoConfiguration$SpringBootBatchConfiguration' of type [org.springframework.boot.autoconfigure.batch.BatchAutoConfiguration$SpringBootBatchConfiguration] is not eligible for getting processed by all BeanPostProcessors (for example: not eligible for auto-proxying). The currently created BeanPostProcessor [jobRegistryBeanPostProcessor] is declared through a non-static factory method on that class; consider declaring it as static instead. 
2024-07-15 23:25:07,013 INFO HikariPool-1 - Starting... 
2024-07-15 23:25:07,183 INFO HikariPool-1 - Added connection com.mysql.cj.jdbc.ConnectionImpl@2721044 
2024-07-15 23:25:07,184 INFO HikariPool-1 - Start completed. 
2024-07-15 23:25:07,293 INFO Started HelloSpringBatchApplication in 0.678 seconds (process running for 0.972) 
2024-07-15 23:25:07,294 INFO Running default command line with: [param1=PROD, param2=1000] 
2024-07-15 23:25:07,341 INFO Job: [SimpleJob: [name=helloJob]] launched with the following parameters: [{'run.id':'{value=18, type=class java.lang.Long, identifying=true}','param1':'{value=PROD, type=class java.lang.String, identifying=true}','param2':'{value=1000, type=class java.lang.String, identifying=true}'}] 
2024-07-15 23:25:07,357 INFO Executing step: [helloTasklet1Step] 
2024-07-15 23:25:07,371 INFO Hello Tasklet 1 !!! 
2024-07-15 23:25:07,372 INFO param1 = PROD 
2024-07-15 23:25:07,372 INFO param2 = 1000 
2024-07-15 23:25:07,376 INFO Step: [helloTasklet1Step] executed in 19ms 
2024-07-15 23:25:07,387 INFO Executing step: [helloTasklet2Step] 
2024-07-15 23:25:07,392 INFO HelloTasklet2 !!!! 
2024-07-15 23:25:07,392 INFO jobValue = jobValue1 
2024-07-15 23:25:07,395 INFO Step: [helloTasklet2Step] executed in 8ms 
2024-07-15 23:25:07,401 INFO Job: [SimpleJob: [name=helloJob]] completed with the following parameters: [{'run.id':'{value=18, type=class java.lang.Long, identifying=true}','param1':'{value=PROD, type=class java.lang.String, identifying=true}','param2':'{value=1000, type=class java.lang.String, identifying=true}'}] and the following status: [COMPLETED] in 53ms 
2024-07-15 23:25:07,403 INFO HikariPool-1 - Shutdown initiated... 
2024-07-15 23:25:07,436 INFO HikariPool-1 - Shutdown completed. 
2024-07-15 23:27:18,934 INFO Starting HelloSpringBatchApplication v0.0.1-SNAPSHOT using Java 21.0.3 with PID 43668 (/Applications/Eclipse_2024-06.app/Contents/workspace/hello-spring-batch/target/hello-spring-batch-0.0.1-SNAPSHOT.jar started by satokeita in /Applications/Eclipse_2024-06.app/Contents/workspace/hello-spring-batch/target) 
2024-07-15 23:27:18,934 INFO No active profile set, falling back to 1 default profile: "default" 
2024-07-15 23:27:19,146 WARN Bean 'org.springframework.boot.autoconfigure.jdbc.DataSourceConfiguration$Hikari' of type [org.springframework.boot.autoconfigure.jdbc.DataSourceConfiguration$Hikari] is not eligible for getting processed by all BeanPostProcessors (for example: not eligible for auto-proxying). Is this bean getting eagerly injected into a currently created BeanPostProcessor [jobRegistryBeanPostProcessor]? Check the corresponding BeanPostProcessor declaration and its dependencies. 
2024-07-15 23:27:19,160 WARN Bean 'spring.datasource-org.springframework.boot.autoconfigure.jdbc.DataSourceProperties' of type [org.springframework.boot.autoconfigure.jdbc.DataSourceProperties] is not eligible for getting processed by all BeanPostProcessors (for example: not eligible for auto-proxying). Is this bean getting eagerly injected into a currently created BeanPostProcessor [jobRegistryBeanPostProcessor]? Check the corresponding BeanPostProcessor declaration and its dependencies. 
2024-07-15 23:27:19,160 WARN Bean 'org.springframework.boot.autoconfigure.jdbc.DataSourceAutoConfiguration$PooledDataSourceConfiguration' of type [org.springframework.boot.autoconfigure.jdbc.DataSourceAutoConfiguration$PooledDataSourceConfiguration] is not eligible for getting processed by all BeanPostProcessors (for example: not eligible for auto-proxying). Is this bean getting eagerly injected into a currently created BeanPostProcessor [jobRegistryBeanPostProcessor]? Check the corresponding BeanPostProcessor declaration and its dependencies. 
2024-07-15 23:27:19,161 WARN Bean 'jdbcConnectionDetails' of type [org.springframework.boot.autoconfigure.jdbc.PropertiesJdbcConnectionDetails] is not eligible for getting processed by all BeanPostProcessors (for example: not eligible for auto-proxying). Is this bean getting eagerly injected into a currently created BeanPostProcessor [jobRegistryBeanPostProcessor]? Check the corresponding BeanPostProcessor declaration and its dependencies. 
2024-07-15 23:27:19,170 WARN Bean 'dataSource' of type [com.zaxxer.hikari.HikariDataSource] is not eligible for getting processed by all BeanPostProcessors (for example: not eligible for auto-proxying). Is this bean getting eagerly injected into a currently created BeanPostProcessor [jobRegistryBeanPostProcessor]? Check the corresponding BeanPostProcessor declaration and its dependencies. 
2024-07-15 23:27:19,172 WARN Bean 'org.springframework.boot.autoconfigure.jdbc.DataSourceTransactionManagerAutoConfiguration$JdbcTransactionManagerConfiguration' of type [org.springframework.boot.autoconfigure.jdbc.DataSourceTransactionManagerAutoConfiguration$JdbcTransactionManagerConfiguration] is not eligible for getting processed by all BeanPostProcessors (for example: not eligible for auto-proxying). Is this bean getting eagerly injected into a currently created BeanPostProcessor [jobRegistryBeanPostProcessor]? Check the corresponding BeanPostProcessor declaration and its dependencies. 
2024-07-15 23:27:19,175 WARN Bean 'org.springframework.boot.autoconfigure.transaction.TransactionManagerCustomizationAutoConfiguration' of type [org.springframework.boot.autoconfigure.transaction.TransactionManagerCustomizationAutoConfiguration] is not eligible for getting processed by all BeanPostProcessors (for example: not eligible for auto-proxying). Is this bean getting eagerly injected into a currently created BeanPostProcessor [jobRegistryBeanPostProcessor]? Check the corresponding BeanPostProcessor declaration and its dependencies. 
2024-07-15 23:27:19,177 WARN Bean 'transactionExecutionListeners' of type [org.springframework.boot.autoconfigure.transaction.ExecutionListenersTransactionManagerCustomizer] is not eligible for getting processed by all BeanPostProcessors (for example: not eligible for auto-proxying). Is this bean getting eagerly injected into a currently created BeanPostProcessor [jobRegistryBeanPostProcessor]? Check the corresponding BeanPostProcessor declaration and its dependencies. 
2024-07-15 23:27:19,178 WARN Bean 'spring.transaction-org.springframework.boot.autoconfigure.transaction.TransactionProperties' of type [org.springframework.boot.autoconfigure.transaction.TransactionProperties] is not eligible for getting processed by all BeanPostProcessors (for example: not eligible for auto-proxying). Is this bean getting eagerly injected into a currently created BeanPostProcessor [jobRegistryBeanPostProcessor]? Check the corresponding BeanPostProcessor declaration and its dependencies. 
2024-07-15 23:27:19,179 WARN Bean 'platformTransactionManagerCustomizers' of type [org.springframework.boot.autoconfigure.transaction.TransactionManagerCustomizers] is not eligible for getting processed by all BeanPostProcessors (for example: not eligible for auto-proxying). Is this bean getting eagerly injected into a currently created BeanPostProcessor [jobRegistryBeanPostProcessor]? Check the corresponding BeanPostProcessor declaration and its dependencies. 
2024-07-15 23:27:19,180 WARN Bean 'transactionManager' of type [org.springframework.jdbc.support.JdbcTransactionManager] is not eligible for getting processed by all BeanPostProcessors (for example: not eligible for auto-proxying). Is this bean getting eagerly injected into a currently created BeanPostProcessor [jobRegistryBeanPostProcessor]? Check the corresponding BeanPostProcessor declaration and its dependencies. 
2024-07-15 23:27:19,182 WARN Bean 'spring.batch-org.springframework.boot.autoconfigure.batch.BatchProperties' of type [org.springframework.boot.autoconfigure.batch.BatchProperties] is not eligible for getting processed by all BeanPostProcessors (for example: not eligible for auto-proxying). Is this bean getting eagerly injected into a currently created BeanPostProcessor [jobRegistryBeanPostProcessor]? Check the corresponding BeanPostProcessor declaration and its dependencies. 
2024-07-15 23:27:19,185 WARN Bean 'org.springframework.boot.autoconfigure.batch.BatchAutoConfiguration$SpringBootBatchConfiguration' of type [org.springframework.boot.autoconfigure.batch.BatchAutoConfiguration$SpringBootBatchConfiguration] is not eligible for getting processed by all BeanPostProcessors (for example: not eligible for auto-proxying). The currently created BeanPostProcessor [jobRegistryBeanPostProcessor] is declared through a non-static factory method on that class; consider declaring it as static instead. 
2024-07-15 23:27:19,197 INFO HikariPool-1 - Starting... 
2024-07-15 23:27:19,374 INFO HikariPool-1 - Added connection com.mysql.cj.jdbc.ConnectionImpl@5d342959 
2024-07-15 23:27:19,375 INFO HikariPool-1 - Start completed. 
2024-07-15 23:27:19,488 INFO Started HelloSpringBatchApplication in 0.679 seconds (process running for 0.959) 
2024-07-15 23:27:19,493 INFO Running default command line with: [param1=PROD, param2=1000] 
2024-07-15 23:27:19,532 INFO Job: [SimpleJob: [name=helloJob]] launched with the following parameters: [{'run.id':'{value=19, type=class java.lang.Long, identifying=true}','param1':'{value=PROD, type=class java.lang.String, identifying=true}','param2':'{value=1000, type=class java.lang.String, identifying=true}'}] 
2024-07-15 23:27:19,549 INFO Executing step: [helloTasklet1Step] 
2024-07-15 23:27:19,565 INFO Hello Tasklet 1 !!! 
2024-07-15 23:27:19,565 INFO param1 = PROD 
2024-07-15 23:27:19,565 INFO param2 = 1000 
2024-07-15 23:27:19,568 INFO Step: [helloTasklet1Step] executed in 18ms 
2024-07-15 23:27:19,574 INFO Executing step: [helloTasklet2Step] 
2024-07-15 23:27:19,578 INFO HelloTasklet2 !!!! 
2024-07-15 23:27:19,578 INFO jobValue = jobValue1 
2024-07-15 23:27:19,581 INFO Step: [helloTasklet2Step] executed in 6ms 
2024-07-15 23:27:19,588 INFO Job: [SimpleJob: [name=helloJob]] completed with the following parameters: [{'run.id':'{value=19, type=class java.lang.Long, identifying=true}','param1':'{value=PROD, type=class java.lang.String, identifying=true}','param2':'{value=1000, type=class java.lang.String, identifying=true}'}] and the following status: [COMPLETED] in 48ms 
2024-07-15 23:27:19,590 INFO HikariPool-1 - Shutdown initiated... 
2024-07-15 23:27:19,627 INFO HikariPool-1 - Shutdown completed. 
2024-07-15 23:28:41,051 INFO Could not detect default configuration classes for test class [com.example.demo.HelloSpringBatchApplicationTests]: HelloSpringBatchApplicationTests does not declare any static, non-private, non-final, nested classes annotated with @Configuration. 
 
2024-07-15 23:28:41,087 INFO Found @SpringBootConfiguration com.example.demo.HelloSpringBatchApplication for test class com.example.demo.HelloSpringBatchApplicationTests 
 
2024-07-15 23:28:41,202 INFO Starting HelloSpringBatchApplicationTests using Java 21.0.3 with PID 44244 (started by satokeita in /Applications/Eclipse_2024-06.app/Contents/workspace/hello-spring-batch) 
 
2024-07-15 23:28:41,203 INFO No active profile set, falling back to 1 default profile: "default" 
 
2024-07-15 23:28:41,387 WARN Bean 'org.springframework.boot.autoconfigure.jdbc.DataSourceConfiguration$Hikari' of type [org.springframework.boot.autoconfigure.jdbc.DataSourceConfiguration$Hikari] is not eligible for getting processed by all BeanPostProcessors (for example: not eligible for auto-proxying). Is this bean getting eagerly injected into a currently created BeanPostProcessor [jobRegistryBeanPostProcessor]? Check the corresponding BeanPostProcessor declaration and its dependencies. 
 
2024-07-15 23:28:41,400 WARN Bean 'spring.datasource-org.springframework.boot.autoconfigure.jdbc.DataSourceProperties' of type [org.springframework.boot.autoconfigure.jdbc.DataSourceProperties] is not eligible for getting processed by all BeanPostProcessors (for example: not eligible for auto-proxying). Is this bean getting eagerly injected into a currently created BeanPostProcessor [jobRegistryBeanPostProcessor]? Check the corresponding BeanPostProcessor declaration and its dependencies. 
 
2024-07-15 23:28:41,400 WARN Bean 'org.springframework.boot.autoconfigure.jdbc.DataSourceAutoConfiguration$PooledDataSourceConfiguration' of type [org.springframework.boot.autoconfigure.jdbc.DataSourceAutoConfiguration$PooledDataSourceConfiguration] is not eligible for getting processed by all BeanPostProcessors (for example: not eligible for auto-proxying). Is this bean getting eagerly injected into a currently created BeanPostProcessor [jobRegistryBeanPostProcessor]? Check the corresponding BeanPostProcessor declaration and its dependencies. 
 
2024-07-15 23:28:41,401 WARN Bean 'jdbcConnectionDetails' of type [org.springframework.boot.autoconfigure.jdbc.PropertiesJdbcConnectionDetails] is not eligible for getting processed by all BeanPostProcessors (for example: not eligible for auto-proxying). Is this bean getting eagerly injected into a currently created BeanPostProcessor [jobRegistryBeanPostProcessor]? Check the corresponding BeanPostProcessor declaration and its dependencies. 
 
2024-07-15 23:28:41,409 WARN Bean 'dataSource' of type [com.zaxxer.hikari.HikariDataSource] is not eligible for getting processed by all BeanPostProcessors (for example: not eligible for auto-proxying). Is this bean getting eagerly injected into a currently created BeanPostProcessor [jobRegistryBeanPostProcessor]? Check the corresponding BeanPostProcessor declaration and its dependencies. 
 
2024-07-15 23:28:41,412 WARN Bean 'org.springframework.boot.autoconfigure.jdbc.DataSourceTransactionManagerAutoConfiguration$JdbcTransactionManagerConfiguration' of type [org.springframework.boot.autoconfigure.jdbc.DataSourceTransactionManagerAutoConfiguration$JdbcTransactionManagerConfiguration] is not eligible for getting processed by all BeanPostProcessors (for example: not eligible for auto-proxying). Is this bean getting eagerly injected into a currently created BeanPostProcessor [jobRegistryBeanPostProcessor]? Check the corresponding BeanPostProcessor declaration and its dependencies. 
 
2024-07-15 23:28:41,414 WARN Bean 'org.springframework.boot.autoconfigure.transaction.TransactionManagerCustomizationAutoConfiguration' of type [org.springframework.boot.autoconfigure.transaction.TransactionManagerCustomizationAutoConfiguration] is not eligible for getting processed by all BeanPostProcessors (for example: not eligible for auto-proxying). Is this bean getting eagerly injected into a currently created BeanPostProcessor [jobRegistryBeanPostProcessor]? Check the corresponding BeanPostProcessor declaration and its dependencies. 
 
2024-07-15 23:28:41,416 WARN Bean 'transactionExecutionListeners' of type [org.springframework.boot.autoconfigure.transaction.ExecutionListenersTransactionManagerCustomizer] is not eligible for getting processed by all BeanPostProcessors (for example: not eligible for auto-proxying). Is this bean getting eagerly injected into a currently created BeanPostProcessor [jobRegistryBeanPostProcessor]? Check the corresponding BeanPostProcessor declaration and its dependencies. 
 
2024-07-15 23:28:41,417 WARN Bean 'spring.transaction-org.springframework.boot.autoconfigure.transaction.TransactionProperties' of type [org.springframework.boot.autoconfigure.transaction.TransactionProperties] is not eligible for getting processed by all BeanPostProcessors (for example: not eligible for auto-proxying). Is this bean getting eagerly injected into a currently created BeanPostProcessor [jobRegistryBeanPostProcessor]? Check the corresponding BeanPostProcessor declaration and its dependencies. 
 
2024-07-15 23:28:41,417 WARN Bean 'platformTransactionManagerCustomizers' of type [org.springframework.boot.autoconfigure.transaction.TransactionManagerCustomizers] is not eligible for getting processed by all BeanPostProcessors (for example: not eligible for auto-proxying). Is this bean getting eagerly injected into a currently created BeanPostProcessor [jobRegistryBeanPostProcessor]? Check the corresponding BeanPostProcessor declaration and its dependencies. 
 
2024-07-15 23:28:41,419 WARN Bean 'transactionManager' of type [org.springframework.jdbc.support.JdbcTransactionManager] is not eligible for getting processed by all BeanPostProcessors (for example: not eligible for auto-proxying). Is this bean getting eagerly injected into a currently created BeanPostProcessor [jobRegistryBeanPostProcessor]? Check the corresponding BeanPostProcessor declaration and its dependencies. 
 
2024-07-15 23:28:41,420 WARN Bean 'spring.batch-org.springframework.boot.autoconfigure.batch.BatchProperties' of type [org.springframework.boot.autoconfigure.batch.BatchProperties] is not eligible for getting processed by all BeanPostProcessors (for example: not eligible for auto-proxying). Is this bean getting eagerly injected into a currently created BeanPostProcessor [jobRegistryBeanPostProcessor]? Check the corresponding BeanPostProcessor declaration and its dependencies. 
 
2024-07-15 23:28:41,423 WARN Bean 'org.springframework.boot.autoconfigure.batch.BatchAutoConfiguration$SpringBootBatchConfiguration' of type [org.springframework.boot.autoconfigure.batch.BatchAutoConfiguration$SpringBootBatchConfiguration] is not eligible for getting processed by all BeanPostProcessors (for example: not eligible for auto-proxying). The currently created BeanPostProcessor [jobRegistryBeanPostProcessor] is declared through a non-static factory method on that class; consider declaring it as static instead. 
 
2024-07-15 23:28:41,435 INFO HikariPool-1 - Starting... 
 
2024-07-15 23:28:41,604 INFO HikariPool-1 - Added connection com.mysql.cj.jdbc.ConnectionImpl@13d019a4 
 
2024-07-15 23:28:41,604 INFO HikariPool-1 - Start completed. 
 
2024-07-15 23:28:41,717 INFO Started HelloSpringBatchApplicationTests in 0.586 seconds (process running for 1.004) 
 
2024-07-15 23:28:41,718 INFO Running default command line with: [] 
 
2024-07-15 23:28:41,757 INFO Job: [SimpleJob: [name=helloJob]] launched with the following parameters: [{'run.id':'{value=20, type=class java.lang.Long, identifying=true}','param1':'{value=PROD, type=class java.lang.String, identifying=true}','param2':'{value=1000, type=class java.lang.String, identifying=true}'}] 
 
2024-07-15 23:28:41,770 INFO Executing step: [helloTasklet1Step] 
 
2024-07-15 23:28:41,783 INFO Hello Tasklet 1 !!! 
 
2024-07-15 23:28:41,783 INFO param1 = PROD 
 
2024-07-15 23:28:41,783 INFO param2 = 1000 
 
2024-07-15 23:28:41,787 INFO Step: [helloTasklet1Step] executed in 16ms 
 
2024-07-15 23:28:41,794 INFO Executing step: [helloTasklet2Step] 
 
2024-07-15 23:28:41,798 INFO HelloTasklet2 !!!! 
 
2024-07-15 23:28:41,798 INFO jobValue = jobValue1 
 
2024-07-15 23:28:41,802 INFO Step: [helloTasklet2Step] executed in 7ms 
 
2024-07-15 23:28:41,808 INFO Job: [SimpleJob: [name=helloJob]] completed with the following parameters: [{'run.id':'{value=20, type=class java.lang.Long, identifying=true}','param1':'{value=PROD, type=class java.lang.String, identifying=true}','param2':'{value=1000, type=class java.lang.String, identifying=true}'}] and the following status: [COMPLETED] in 44ms 
 
2024-07-15 23:28:42,488 INFO HikariPool-1 - Shutdown initiated... 
 
2024-07-15 23:28:42,490 INFO HikariPool-1 - Shutdown completed. 
 
2024-07-15 23:30:48,467 INFO Starting HelloSpringBatchApplication v0.0.1-SNAPSHOT using Java 21.0.3 with PID 45542 (/Applications/Eclipse_2024-06.app/Contents/workspace/hello-spring-batch/target/hello-spring-batch-0.0.1-SNAPSHOT.jar started by satokeita in /Applications/Eclipse_2024-06.app/Contents/workspace/hello-spring-batch/target) 
 
2024-07-15 23:30:48,467 INFO No active profile set, falling back to 1 default profile: "default" 
 
2024-07-15 23:30:48,680 WARN Bean 'org.springframework.boot.autoconfigure.jdbc.DataSourceConfiguration$Hikari' of type [org.springframework.boot.autoconfigure.jdbc.DataSourceConfiguration$Hikari] is not eligible for getting processed by all BeanPostProcessors (for example: not eligible for auto-proxying). Is this bean getting eagerly injected into a currently created BeanPostProcessor [jobRegistryBeanPostProcessor]? Check the corresponding BeanPostProcessor declaration and its dependencies. 
 
2024-07-15 23:30:48,694 WARN Bean 'spring.datasource-org.springframework.boot.autoconfigure.jdbc.DataSourceProperties' of type [org.springframework.boot.autoconfigure.jdbc.DataSourceProperties] is not eligible for getting processed by all BeanPostProcessors (for example: not eligible for auto-proxying). Is this bean getting eagerly injected into a currently created BeanPostProcessor [jobRegistryBeanPostProcessor]? Check the corresponding BeanPostProcessor declaration and its dependencies. 
 
2024-07-15 23:30:48,695 WARN Bean 'org.springframework.boot.autoconfigure.jdbc.DataSourceAutoConfiguration$PooledDataSourceConfiguration' of type [org.springframework.boot.autoconfigure.jdbc.DataSourceAutoConfiguration$PooledDataSourceConfiguration] is not eligible for getting processed by all BeanPostProcessors (for example: not eligible for auto-proxying). Is this bean getting eagerly injected into a currently created BeanPostProcessor [jobRegistryBeanPostProcessor]? Check the corresponding BeanPostProcessor declaration and its dependencies. 
 
2024-07-15 23:30:48,695 WARN Bean 'jdbcConnectionDetails' of type [org.springframework.boot.autoconfigure.jdbc.PropertiesJdbcConnectionDetails] is not eligible for getting processed by all BeanPostProcessors (for example: not eligible for auto-proxying). Is this bean getting eagerly injected into a currently created BeanPostProcessor [jobRegistryBeanPostProcessor]? Check the corresponding BeanPostProcessor declaration and its dependencies. 
 
2024-07-15 23:30:48,704 WARN Bean 'dataSource' of type [com.zaxxer.hikari.HikariDataSource] is not eligible for getting processed by all BeanPostProcessors (for example: not eligible for auto-proxying). Is this bean getting eagerly injected into a currently created BeanPostProcessor [jobRegistryBeanPostProcessor]? Check the corresponding BeanPostProcessor declaration and its dependencies. 
 
2024-07-15 23:30:48,707 WARN Bean 'org.springframework.boot.autoconfigure.jdbc.DataSourceTransactionManagerAutoConfiguration$JdbcTransactionManagerConfiguration' of type [org.springframework.boot.autoconfigure.jdbc.DataSourceTransactionManagerAutoConfiguration$JdbcTransactionManagerConfiguration] is not eligible for getting processed by all BeanPostProcessors (for example: not eligible for auto-proxying). Is this bean getting eagerly injected into a currently created BeanPostProcessor [jobRegistryBeanPostProcessor]? Check the corresponding BeanPostProcessor declaration and its dependencies. 
 
2024-07-15 23:30:48,710 WARN Bean 'org.springframework.boot.autoconfigure.transaction.TransactionManagerCustomizationAutoConfiguration' of type [org.springframework.boot.autoconfigure.transaction.TransactionManagerCustomizationAutoConfiguration] is not eligible for getting processed by all BeanPostProcessors (for example: not eligible for auto-proxying). Is this bean getting eagerly injected into a currently created BeanPostProcessor [jobRegistryBeanPostProcessor]? Check the corresponding BeanPostProcessor declaration and its dependencies. 
 
2024-07-15 23:30:48,711 WARN Bean 'transactionExecutionListeners' of type [org.springframework.boot.autoconfigure.transaction.ExecutionListenersTransactionManagerCustomizer] is not eligible for getting processed by all BeanPostProcessors (for example: not eligible for auto-proxying). Is this bean getting eagerly injected into a currently created BeanPostProcessor [jobRegistryBeanPostProcessor]? Check the corresponding BeanPostProcessor declaration and its dependencies. 
 
2024-07-15 23:30:48,713 WARN Bean 'spring.transaction-org.springframework.boot.autoconfigure.transaction.TransactionProperties' of type [org.springframework.boot.autoconfigure.transaction.TransactionProperties] is not eligible for getting processed by all BeanPostProcessors (for example: not eligible for auto-proxying). Is this bean getting eagerly injected into a currently created BeanPostProcessor [jobRegistryBeanPostProcessor]? Check the corresponding BeanPostProcessor declaration and its dependencies. 
 
2024-07-15 23:30:48,713 WARN Bean 'platformTransactionManagerCustomizers' of type [org.springframework.boot.autoconfigure.transaction.TransactionManagerCustomizers] is not eligible for getting processed by all BeanPostProcessors (for example: not eligible for auto-proxying). Is this bean getting eagerly injected into a currently created BeanPostProcessor [jobRegistryBeanPostProcessor]? Check the corresponding BeanPostProcessor declaration and its dependencies. 
 
2024-07-15 23:30:48,715 WARN Bean 'transactionManager' of type [org.springframework.jdbc.support.JdbcTransactionManager] is not eligible for getting processed by all BeanPostProcessors (for example: not eligible for auto-proxying). Is this bean getting eagerly injected into a currently created BeanPostProcessor [jobRegistryBeanPostProcessor]? Check the corresponding BeanPostProcessor declaration and its dependencies. 
 
2024-07-15 23:30:48,716 WARN Bean 'spring.batch-org.springframework.boot.autoconfigure.batch.BatchProperties' of type [org.springframework.boot.autoconfigure.batch.BatchProperties] is not eligible for getting processed by all BeanPostProcessors (for example: not eligible for auto-proxying). Is this bean getting eagerly injected into a currently created BeanPostProcessor [jobRegistryBeanPostProcessor]? Check the corresponding BeanPostProcessor declaration and its dependencies. 
 
2024-07-15 23:30:48,720 WARN Bean 'org.springframework.boot.autoconfigure.batch.BatchAutoConfiguration$SpringBootBatchConfiguration' of type [org.springframework.boot.autoconfigure.batch.BatchAutoConfiguration$SpringBootBatchConfiguration] is not eligible for getting processed by all BeanPostProcessors (for example: not eligible for auto-proxying). The currently created BeanPostProcessor [jobRegistryBeanPostProcessor] is declared through a non-static factory method on that class; consider declaring it as static instead. 
 
2024-07-15 23:30:48,731 INFO HikariPool-1 - Starting... 
 
2024-07-15 23:30:48,908 INFO HikariPool-1 - Added connection com.mysql.cj.jdbc.ConnectionImpl@30893e08 
 
2024-07-15 23:30:48,908 INFO HikariPool-1 - Start completed. 
 
2024-07-15 23:30:49,032 INFO Started HelloSpringBatchApplication in 0.686 seconds (process running for 0.962) 
 
2024-07-15 23:30:49,033 INFO Running default command line with: [param1=PROD, param2=1000] 
 
2024-07-15 23:30:49,072 INFO Job: [SimpleJob: [name=helloJob]] launched with the following parameters: [{'run.id':'{value=21, type=class java.lang.Long, identifying=true}','param1':'{value=PROD, type=class java.lang.String, identifying=true}','param2':'{value=1000, type=class java.lang.String, identifying=true}'}] 
 
2024-07-15 23:30:49,088 INFO Executing step: [helloTasklet1Step] 
 
2024-07-15 23:30:49,101 INFO Hello Tasklet 1 !!! 
 
2024-07-15 23:30:49,101 INFO param1 = PROD 
 
2024-07-15 23:30:49,101 INFO param2 = 1000 
 
2024-07-15 23:30:49,105 INFO Step: [helloTasklet1Step] executed in 17ms 
 
2024-07-15 23:30:49,117 INFO Executing step: [helloTasklet2Step] 
 
2024-07-15 23:30:49,121 INFO HelloTasklet2 !!!! 
 
2024-07-15 23:30:49,121 INFO jobValue = jobValue1 
 
2024-07-15 23:30:49,125 INFO Step: [helloTasklet2Step] executed in 7ms 
 
2024-07-15 23:30:49,131 INFO Job: [SimpleJob: [name=helloJob]] completed with the following parameters: [{'run.id':'{value=21, type=class java.lang.Long, identifying=true}','param1':'{value=PROD, type=class java.lang.String, identifying=true}','param2':'{value=1000, type=class java.lang.String, identifying=true}'}] and the following status: [COMPLETED] in 51ms 
 
2024-07-15 23:30:49,133 INFO HikariPool-1 - Shutdown initiated... 
 
2024-07-15 23:30:49,162 INFO HikariPool-1 - Shutdown completed. 
 
2024-07-15 23:32:20,392 INFO Could not detect default configuration classes for test class [com.example.demo.HelloSpringBatchApplicationTests]: HelloSpringBatchApplicationTests does not declare any static, non-private, non-final, nested classes annotated with @Configuration. 
2024-07-15 23:32:20,434 INFO Found @SpringBootConfiguration com.example.demo.HelloSpringBatchApplication for test class com.example.demo.HelloSpringBatchApplicationTests 
2024-07-15 23:32:20,557 INFO Starting HelloSpringBatchApplicationTests using Java 21.0.3 with PID 46146 (started by satokeita in /Applications/Eclipse_2024-06.app/Contents/workspace/hello-spring-batch) 
2024-07-15 23:32:20,557 INFO No active profile set, falling back to 1 default profile: "default" 
2024-07-15 23:32:20,750 WARN Bean 'org.springframework.boot.autoconfigure.jdbc.DataSourceConfiguration$Hikari' of type [org.springframework.boot.autoconfigure.jdbc.DataSourceConfiguration$Hikari] is not eligible for getting processed by all BeanPostProcessors (for example: not eligible for auto-proxying). Is this bean getting eagerly injected into a currently created BeanPostProcessor [jobRegistryBeanPostProcessor]? Check the corresponding BeanPostProcessor declaration and its dependencies. 
2024-07-15 23:32:20,763 WARN Bean 'spring.datasource-org.springframework.boot.autoconfigure.jdbc.DataSourceProperties' of type [org.springframework.boot.autoconfigure.jdbc.DataSourceProperties] is not eligible for getting processed by all BeanPostProcessors (for example: not eligible for auto-proxying). Is this bean getting eagerly injected into a currently created BeanPostProcessor [jobRegistryBeanPostProcessor]? Check the corresponding BeanPostProcessor declaration and its dependencies. 
2024-07-15 23:32:20,763 WARN Bean 'org.springframework.boot.autoconfigure.jdbc.DataSourceAutoConfiguration$PooledDataSourceConfiguration' of type [org.springframework.boot.autoconfigure.jdbc.DataSourceAutoConfiguration$PooledDataSourceConfiguration] is not eligible for getting processed by all BeanPostProcessors (for example: not eligible for auto-proxying). Is this bean getting eagerly injected into a currently created BeanPostProcessor [jobRegistryBeanPostProcessor]? Check the corresponding BeanPostProcessor declaration and its dependencies. 
2024-07-15 23:32:20,764 WARN Bean 'jdbcConnectionDetails' of type [org.springframework.boot.autoconfigure.jdbc.PropertiesJdbcConnectionDetails] is not eligible for getting processed by all BeanPostProcessors (for example: not eligible for auto-proxying). Is this bean getting eagerly injected into a currently created BeanPostProcessor [jobRegistryBeanPostProcessor]? Check the corresponding BeanPostProcessor declaration and its dependencies. 
2024-07-15 23:32:20,772 WARN Bean 'dataSource' of type [com.zaxxer.hikari.HikariDataSource] is not eligible for getting processed by all BeanPostProcessors (for example: not eligible for auto-proxying). Is this bean getting eagerly injected into a currently created BeanPostProcessor [jobRegistryBeanPostProcessor]? Check the corresponding BeanPostProcessor declaration and its dependencies. 
2024-07-15 23:32:20,775 WARN Bean 'org.springframework.boot.autoconfigure.jdbc.DataSourceTransactionManagerAutoConfiguration$JdbcTransactionManagerConfiguration' of type [org.springframework.boot.autoconfigure.jdbc.DataSourceTransactionManagerAutoConfiguration$JdbcTransactionManagerConfiguration] is not eligible for getting processed by all BeanPostProcessors (for example: not eligible for auto-proxying). Is this bean getting eagerly injected into a currently created BeanPostProcessor [jobRegistryBeanPostProcessor]? Check the corresponding BeanPostProcessor declaration and its dependencies. 
2024-07-15 23:32:20,777 WARN Bean 'org.springframework.boot.autoconfigure.transaction.TransactionManagerCustomizationAutoConfiguration' of type [org.springframework.boot.autoconfigure.transaction.TransactionManagerCustomizationAutoConfiguration] is not eligible for getting processed by all BeanPostProcessors (for example: not eligible for auto-proxying). Is this bean getting eagerly injected into a currently created BeanPostProcessor [jobRegistryBeanPostProcessor]? Check the corresponding BeanPostProcessor declaration and its dependencies. 
2024-07-15 23:32:20,778 WARN Bean 'transactionExecutionListeners' of type [org.springframework.boot.autoconfigure.transaction.ExecutionListenersTransactionManagerCustomizer] is not eligible for getting processed by all BeanPostProcessors (for example: not eligible for auto-proxying). Is this bean getting eagerly injected into a currently created BeanPostProcessor [jobRegistryBeanPostProcessor]? Check the corresponding BeanPostProcessor declaration and its dependencies. 
2024-07-15 23:32:20,780 WARN Bean 'spring.transaction-org.springframework.boot.autoconfigure.transaction.TransactionProperties' of type [org.springframework.boot.autoconfigure.transaction.TransactionProperties] is not eligible for getting processed by all BeanPostProcessors (for example: not eligible for auto-proxying). Is this bean getting eagerly injected into a currently created BeanPostProcessor [jobRegistryBeanPostProcessor]? Check the corresponding BeanPostProcessor declaration and its dependencies. 
2024-07-15 23:32:20,780 WARN Bean 'platformTransactionManagerCustomizers' of type [org.springframework.boot.autoconfigure.transaction.TransactionManagerCustomizers] is not eligible for getting processed by all BeanPostProcessors (for example: not eligible for auto-proxying). Is this bean getting eagerly injected into a currently created BeanPostProcessor [jobRegistryBeanPostProcessor]? Check the corresponding BeanPostProcessor declaration and its dependencies. 
2024-07-15 23:32:20,782 WARN Bean 'transactionManager' of type [org.springframework.jdbc.support.JdbcTransactionManager] is not eligible for getting processed by all BeanPostProcessors (for example: not eligible for auto-proxying). Is this bean getting eagerly injected into a currently created BeanPostProcessor [jobRegistryBeanPostProcessor]? Check the corresponding BeanPostProcessor declaration and its dependencies. 
2024-07-15 23:32:20,783 WARN Bean 'spring.batch-org.springframework.boot.autoconfigure.batch.BatchProperties' of type [org.springframework.boot.autoconfigure.batch.BatchProperties] is not eligible for getting processed by all BeanPostProcessors (for example: not eligible for auto-proxying). Is this bean getting eagerly injected into a currently created BeanPostProcessor [jobRegistryBeanPostProcessor]? Check the corresponding BeanPostProcessor declaration and its dependencies. 
2024-07-15 23:32:20,786 WARN Bean 'org.springframework.boot.autoconfigure.batch.BatchAutoConfiguration$SpringBootBatchConfiguration' of type [org.springframework.boot.autoconfigure.batch.BatchAutoConfiguration$SpringBootBatchConfiguration] is not eligible for getting processed by all BeanPostProcessors (for example: not eligible for auto-proxying). The currently created BeanPostProcessor [jobRegistryBeanPostProcessor] is declared through a non-static factory method on that class; consider declaring it as static instead. 
2024-07-15 23:32:20,797 INFO HikariPool-1 - Starting... 
2024-07-15 23:32:20,973 INFO HikariPool-1 - Added connection com.mysql.cj.jdbc.ConnectionImpl@226de93c 
2024-07-15 23:32:20,974 INFO HikariPool-1 - Start completed. 
2024-07-15 23:32:21,088 INFO Started HelloSpringBatchApplicationTests in 0.609 seconds (process running for 1.05) 
2024-07-15 23:32:21,089 INFO Running default command line with: [] 
2024-07-15 23:32:21,130 INFO Job: [SimpleJob: [name=helloJob]] launched with the following parameters: [{'run.id':'{value=22, type=class java.lang.Long, identifying=true}','param1':'{value=PROD, type=class java.lang.String, identifying=true}','param2':'{value=1000, type=class java.lang.String, identifying=true}'}] 
2024-07-15 23:32:21,145 INFO Executing step: [helloTasklet1Step] 
2024-07-15 23:32:21,159 INFO Hello Tasklet 1 !!! 
2024-07-15 23:32:21,159 INFO param1 = PROD 
2024-07-15 23:32:21,160 INFO param2 = 1000 
2024-07-15 23:32:21,163 INFO Step: [helloTasklet1Step] executed in 18ms 
2024-07-15 23:32:21,173 INFO Executing step: [helloTasklet2Step] 
2024-07-15 23:32:21,178 INFO HelloTasklet2 !!!! 
2024-07-15 23:32:21,179 INFO jobValue = jobValue1 
2024-07-15 23:32:21,182 INFO Step: [helloTasklet2Step] executed in 8ms 
2024-07-15 23:32:21,189 INFO Job: [SimpleJob: [name=helloJob]] completed with the following parameters: [{'run.id':'{value=22, type=class java.lang.Long, identifying=true}','param1':'{value=PROD, type=class java.lang.String, identifying=true}','param2':'{value=1000, type=class java.lang.String, identifying=true}'}] and the following status: [COMPLETED] in 50ms 
2024-07-15 23:32:21,567 INFO HikariPool-1 - Shutdown initiated... 
2024-07-15 23:32:21,569 INFO HikariPool-1 - Shutdown completed. 
2024-07-15 23:32:33,353 INFO Starting HelloSpringBatchApplication v0.0.1-SNAPSHOT using Java 21.0.3 with PID 46709 (/Applications/Eclipse_2024-06.app/Contents/workspace/hello-spring-batch/target/hello-spring-batch-0.0.1-SNAPSHOT.jar started by satokeita in /Applications/Eclipse_2024-06.app/Contents/workspace/hello-spring-batch/target) 
2024-07-15 23:32:33,353 INFO No active profile set, falling back to 1 default profile: "default" 
2024-07-15 23:32:33,547 WARN Bean 'org.springframework.boot.autoconfigure.jdbc.DataSourceConfiguration$Hikari' of type [org.springframework.boot.autoconfigure.jdbc.DataSourceConfiguration$Hikari] is not eligible for getting processed by all BeanPostProcessors (for example: not eligible for auto-proxying). Is this bean getting eagerly injected into a currently created BeanPostProcessor [jobRegistryBeanPostProcessor]? Check the corresponding BeanPostProcessor declaration and its dependencies. 
2024-07-15 23:32:33,560 WARN Bean 'spring.datasource-org.springframework.boot.autoconfigure.jdbc.DataSourceProperties' of type [org.springframework.boot.autoconfigure.jdbc.DataSourceProperties] is not eligible for getting processed by all BeanPostProcessors (for example: not eligible for auto-proxying). Is this bean getting eagerly injected into a currently created BeanPostProcessor [jobRegistryBeanPostProcessor]? Check the corresponding BeanPostProcessor declaration and its dependencies. 
2024-07-15 23:32:33,561 WARN Bean 'org.springframework.boot.autoconfigure.jdbc.DataSourceAutoConfiguration$PooledDataSourceConfiguration' of type [org.springframework.boot.autoconfigure.jdbc.DataSourceAutoConfiguration$PooledDataSourceConfiguration] is not eligible for getting processed by all BeanPostProcessors (for example: not eligible for auto-proxying). Is this bean getting eagerly injected into a currently created BeanPostProcessor [jobRegistryBeanPostProcessor]? Check the corresponding BeanPostProcessor declaration and its dependencies. 
2024-07-15 23:32:33,561 WARN Bean 'jdbcConnectionDetails' of type [org.springframework.boot.autoconfigure.jdbc.PropertiesJdbcConnectionDetails] is not eligible for getting processed by all BeanPostProcessors (for example: not eligible for auto-proxying). Is this bean getting eagerly injected into a currently created BeanPostProcessor [jobRegistryBeanPostProcessor]? Check the corresponding BeanPostProcessor declaration and its dependencies. 
2024-07-15 23:32:33,569 WARN Bean 'dataSource' of type [com.zaxxer.hikari.HikariDataSource] is not eligible for getting processed by all BeanPostProcessors (for example: not eligible for auto-proxying). Is this bean getting eagerly injected into a currently created BeanPostProcessor [jobRegistryBeanPostProcessor]? Check the corresponding BeanPostProcessor declaration and its dependencies. 
2024-07-15 23:32:33,571 WARN Bean 'org.springframework.boot.autoconfigure.jdbc.DataSourceTransactionManagerAutoConfiguration$JdbcTransactionManagerConfiguration' of type [org.springframework.boot.autoconfigure.jdbc.DataSourceTransactionManagerAutoConfiguration$JdbcTransactionManagerConfiguration] is not eligible for getting processed by all BeanPostProcessors (for example: not eligible for auto-proxying). Is this bean getting eagerly injected into a currently created BeanPostProcessor [jobRegistryBeanPostProcessor]? Check the corresponding BeanPostProcessor declaration and its dependencies. 
2024-07-15 23:32:33,574 WARN Bean 'org.springframework.boot.autoconfigure.transaction.TransactionManagerCustomizationAutoConfiguration' of type [org.springframework.boot.autoconfigure.transaction.TransactionManagerCustomizationAutoConfiguration] is not eligible for getting processed by all BeanPostProcessors (for example: not eligible for auto-proxying). Is this bean getting eagerly injected into a currently created BeanPostProcessor [jobRegistryBeanPostProcessor]? Check the corresponding BeanPostProcessor declaration and its dependencies. 
2024-07-15 23:32:33,576 WARN Bean 'transactionExecutionListeners' of type [org.springframework.boot.autoconfigure.transaction.ExecutionListenersTransactionManagerCustomizer] is not eligible for getting processed by all BeanPostProcessors (for example: not eligible for auto-proxying). Is this bean getting eagerly injected into a currently created BeanPostProcessor [jobRegistryBeanPostProcessor]? Check the corresponding BeanPostProcessor declaration and its dependencies. 
2024-07-15 23:32:33,577 WARN Bean 'spring.transaction-org.springframework.boot.autoconfigure.transaction.TransactionProperties' of type [org.springframework.boot.autoconfigure.transaction.TransactionProperties] is not eligible for getting processed by all BeanPostProcessors (for example: not eligible for auto-proxying). Is this bean getting eagerly injected into a currently created BeanPostProcessor [jobRegistryBeanPostProcessor]? Check the corresponding BeanPostProcessor declaration and its dependencies. 
2024-07-15 23:32:33,578 WARN Bean 'platformTransactionManagerCustomizers' of type [org.springframework.boot.autoconfigure.transaction.TransactionManagerCustomizers] is not eligible for getting processed by all BeanPostProcessors (for example: not eligible for auto-proxying). Is this bean getting eagerly injected into a currently created BeanPostProcessor [jobRegistryBeanPostProcessor]? Check the corresponding BeanPostProcessor declaration and its dependencies. 
2024-07-15 23:32:33,580 WARN Bean 'transactionManager' of type [org.springframework.jdbc.support.JdbcTransactionManager] is not eligible for getting processed by all BeanPostProcessors (for example: not eligible for auto-proxying). Is this bean getting eagerly injected into a currently created BeanPostProcessor [jobRegistryBeanPostProcessor]? Check the corresponding BeanPostProcessor declaration and its dependencies. 
2024-07-15 23:32:33,582 WARN Bean 'spring.batch-org.springframework.boot.autoconfigure.batch.BatchProperties' of type [org.springframework.boot.autoconfigure.batch.BatchProperties] is not eligible for getting processed by all BeanPostProcessors (for example: not eligible for auto-proxying). Is this bean getting eagerly injected into a currently created BeanPostProcessor [jobRegistryBeanPostProcessor]? Check the corresponding BeanPostProcessor declaration and its dependencies. 
2024-07-15 23:32:33,585 WARN Bean 'org.springframework.boot.autoconfigure.batch.BatchAutoConfiguration$SpringBootBatchConfiguration' of type [org.springframework.boot.autoconfigure.batch.BatchAutoConfiguration$SpringBootBatchConfiguration] is not eligible for getting processed by all BeanPostProcessors (for example: not eligible for auto-proxying). The currently created BeanPostProcessor [jobRegistryBeanPostProcessor] is declared through a non-static factory method on that class; consider declaring it as static instead. 
2024-07-15 23:32:33,596 INFO HikariPool-1 - Starting... 
2024-07-15 23:32:33,765 INFO HikariPool-1 - Added connection com.mysql.cj.jdbc.ConnectionImpl@2721044 
2024-07-15 23:32:33,765 INFO HikariPool-1 - Start completed. 
2024-07-15 23:32:33,871 INFO Started HelloSpringBatchApplication in 0.644 seconds (process running for 0.899) 
2024-07-15 23:32:33,872 INFO Running default command line with: [param1=PROD, param2=1000] 
2024-07-15 23:32:33,916 INFO Job: [SimpleJob: [name=helloJob]] launched with the following parameters: [{'run.id':'{value=23, type=class java.lang.Long, identifying=true}','param1':'{value=PROD, type=class java.lang.String, identifying=true}','param2':'{value=1000, type=class java.lang.String, identifying=true}'}] 
2024-07-15 23:32:33,933 INFO Executing step: [helloTasklet1Step] 
2024-07-15 23:32:33,946 INFO Hello Tasklet 1 !!! 
2024-07-15 23:32:33,946 INFO param1 = PROD 
2024-07-15 23:32:33,946 INFO param2 = 1000 
2024-07-15 23:32:33,950 INFO Step: [helloTasklet1Step] executed in 17ms 
2024-07-15 23:32:33,960 INFO Executing step: [helloTasklet2Step] 
2024-07-15 23:32:33,964 INFO HelloTasklet2 !!!! 
2024-07-15 23:32:33,964 INFO jobValue = jobValue1 
2024-07-15 23:32:33,968 INFO Step: [helloTasklet2Step] executed in 8ms 
2024-07-15 23:32:33,975 INFO Job: [SimpleJob: [name=helloJob]] completed with the following parameters: [{'run.id':'{value=23, type=class java.lang.Long, identifying=true}','param1':'{value=PROD, type=class java.lang.String, identifying=true}','param2':'{value=1000, type=class java.lang.String, identifying=true}'}] and the following status: [COMPLETED] in 51ms 
2024-07-15 23:32:33,976 INFO HikariPool-1 - Shutdown initiated... 
2024-07-15 23:32:34,017 INFO HikariPool-1 - Shutdown completed. 
