2024-07-14 19:04:42,651 INFO Starting HelloSpringBatchApplication using Java 21.0.3 with PID 28324 (/Applications/Eclipse_2024-06.app/Contents/workspace/hello-spring-batch/target/classes started by satokeita in /Applications/Eclipse_2024-06.app/Contents/workspace/hello-spring-batch) 
2024-07-14 19:04:42,652 INFO No active profile set, falling back to 1 default profile: "default" 
2024-07-14 19:04:42,832 WARN Bean 'org.springframework.boot.autoconfigure.jdbc.DataSourceConfiguration$Hikari' of type [org.springframework.boot.autoconfigure.jdbc.DataSourceConfiguration$Hikari] is not eligible for getting processed by all BeanPostProcessors (for example: not eligible for auto-proxying). Is this bean getting eagerly injected into a currently created BeanPostProcessor [jobRegistryBeanPostProcessor]? Check the corresponding BeanPostProcessor declaration and its dependencies. 
2024-07-14 19:04:42,844 WARN Bean 'spring.datasource-org.springframework.boot.autoconfigure.jdbc.DataSourceProperties' of type [org.springframework.boot.autoconfigure.jdbc.DataSourceProperties] is not eligible for getting processed by all BeanPostProcessors (for example: not eligible for auto-proxying). Is this bean getting eagerly injected into a currently created BeanPostProcessor [jobRegistryBeanPostProcessor]? Check the corresponding BeanPostProcessor declaration and its dependencies. 
2024-07-14 19:04:42,845 WARN Bean 'org.springframework.boot.autoconfigure.jdbc.DataSourceAutoConfiguration$PooledDataSourceConfiguration' of type [org.springframework.boot.autoconfigure.jdbc.DataSourceAutoConfiguration$PooledDataSourceConfiguration] is not eligible for getting processed by all BeanPostProcessors (for example: not eligible for auto-proxying). Is this bean getting eagerly injected into a currently created BeanPostProcessor [jobRegistryBeanPostProcessor]? Check the corresponding BeanPostProcessor declaration and its dependencies. 
2024-07-14 19:04:42,845 WARN Bean 'jdbcConnectionDetails' of type [org.springframework.boot.autoconfigure.jdbc.PropertiesJdbcConnectionDetails] is not eligible for getting processed by all BeanPostProcessors (for example: not eligible for auto-proxying). Is this bean getting eagerly injected into a currently created BeanPostProcessor [jobRegistryBeanPostProcessor]? Check the corresponding BeanPostProcessor declaration and its dependencies. 
2024-07-14 19:04:42,851 WARN Bean 'dataSource' of type [com.zaxxer.hikari.HikariDataSource] is not eligible for getting processed by all BeanPostProcessors (for example: not eligible for auto-proxying). Is this bean getting eagerly injected into a currently created BeanPostProcessor [jobRegistryBeanPostProcessor]? Check the corresponding BeanPostProcessor declaration and its dependencies. 
2024-07-14 19:04:42,852 WARN Bean 'org.springframework.boot.autoconfigure.jdbc.DataSourceTransactionManagerAutoConfiguration$JdbcTransactionManagerConfiguration' of type [org.springframework.boot.autoconfigure.jdbc.DataSourceTransactionManagerAutoConfiguration$JdbcTransactionManagerConfiguration] is not eligible for getting processed by all BeanPostProcessors (for example: not eligible for auto-proxying). Is this bean getting eagerly injected into a currently created BeanPostProcessor [jobRegistryBeanPostProcessor]? Check the corresponding BeanPostProcessor declaration and its dependencies. 
2024-07-14 19:04:42,854 WARN Bean 'org.springframework.boot.autoconfigure.transaction.TransactionManagerCustomizationAutoConfiguration' of type [org.springframework.boot.autoconfigure.transaction.TransactionManagerCustomizationAutoConfiguration] is not eligible for getting processed by all BeanPostProcessors (for example: not eligible for auto-proxying). Is this bean getting eagerly injected into a currently created BeanPostProcessor [jobRegistryBeanPostProcessor]? Check the corresponding BeanPostProcessor declaration and its dependencies. 
2024-07-14 19:04:42,855 WARN Bean 'transactionExecutionListeners' of type [org.springframework.boot.autoconfigure.transaction.ExecutionListenersTransactionManagerCustomizer] is not eligible for getting processed by all BeanPostProcessors (for example: not eligible for auto-proxying). Is this bean getting eagerly injected into a currently created BeanPostProcessor [jobRegistryBeanPostProcessor]? Check the corresponding BeanPostProcessor declaration and its dependencies. 
2024-07-14 19:04:42,856 WARN Bean 'spring.transaction-org.springframework.boot.autoconfigure.transaction.TransactionProperties' of type [org.springframework.boot.autoconfigure.transaction.TransactionProperties] is not eligible for getting processed by all BeanPostProcessors (for example: not eligible for auto-proxying). Is this bean getting eagerly injected into a currently created BeanPostProcessor [jobRegistryBeanPostProcessor]? Check the corresponding BeanPostProcessor declaration and its dependencies. 
2024-07-14 19:04:42,856 WARN Bean 'platformTransactionManagerCustomizers' of type [org.springframework.boot.autoconfigure.transaction.TransactionManagerCustomizers] is not eligible for getting processed by all BeanPostProcessors (for example: not eligible for auto-proxying). Is this bean getting eagerly injected into a currently created BeanPostProcessor [jobRegistryBeanPostProcessor]? Check the corresponding BeanPostProcessor declaration and its dependencies. 
2024-07-14 19:04:42,857 WARN Bean 'transactionManager' of type [org.springframework.jdbc.support.JdbcTransactionManager] is not eligible for getting processed by all BeanPostProcessors (for example: not eligible for auto-proxying). Is this bean getting eagerly injected into a currently created BeanPostProcessor [jobRegistryBeanPostProcessor]? Check the corresponding BeanPostProcessor declaration and its dependencies. 
2024-07-14 19:04:42,858 WARN Bean 'spring.batch-org.springframework.boot.autoconfigure.batch.BatchProperties' of type [org.springframework.boot.autoconfigure.batch.BatchProperties] is not eligible for getting processed by all BeanPostProcessors (for example: not eligible for auto-proxying). Is this bean getting eagerly injected into a currently created BeanPostProcessor [jobRegistryBeanPostProcessor]? Check the corresponding BeanPostProcessor declaration and its dependencies. 
2024-07-14 19:04:42,861 WARN Bean 'org.springframework.boot.autoconfigure.batch.BatchAutoConfiguration$SpringBootBatchConfiguration' of type [org.springframework.boot.autoconfigure.batch.BatchAutoConfiguration$SpringBootBatchConfiguration] is not eligible for getting processed by all BeanPostProcessors (for example: not eligible for auto-proxying). The currently created BeanPostProcessor [jobRegistryBeanPostProcessor] is declared through a non-static factory method on that class; consider declaring it as static instead. 
2024-07-14 19:04:42,868 INFO HikariPool-1 - Starting... 
2024-07-14 19:04:43,001 INFO HikariPool-1 - Added connection com.mysql.cj.jdbc.ConnectionImpl@769bd849 
2024-07-14 19:04:43,001 INFO HikariPool-1 - Start completed. 
2024-07-14 19:04:43,091 INFO Started HelloSpringBatchApplication in 0.522 seconds (process running for 0.773) 
2024-07-14 19:04:43,092 INFO Running default command line with: [param1=TEST, param2=1111] 
2024-07-14 19:04:43,130 INFO Job: [SimpleJob: [name=helloJob]] launched with the following parameters: [{'run.id':'{value=14, type=class java.lang.Long, identifying=true}','param1':'{value=TEST, type=class java.lang.String, identifying=true}','param2':'{value=1111, type=class java.lang.String, identifying=true}'}] 
2024-07-14 19:04:43,145 INFO Executing step: [helloTasklet1Step] 
2024-07-14 19:04:43,156 INFO Hello Tasklet 1 !!! 
2024-07-14 19:04:43,156 INFO param1 = TEST 
2024-07-14 19:04:43,156 INFO param2 = 1111 
2024-07-14 19:04:43,161 INFO Step: [helloTasklet1Step] executed in 15ms 
2024-07-14 19:04:43,173 INFO Executing step: [helloTasklet2Step] 
2024-07-14 19:04:43,177 INFO HelloTasklet2 !!!! 
2024-07-14 19:04:43,177 INFO jobValue = jobValue1 
2024-07-14 19:04:43,181 INFO Step: [helloTasklet2Step] executed in 8ms 
2024-07-14 19:04:43,187 INFO Job: [SimpleJob: [name=helloJob]] completed with the following parameters: [{'run.id':'{value=14, type=class java.lang.Long, identifying=true}','param1':'{value=TEST, type=class java.lang.String, identifying=true}','param2':'{value=1111, type=class java.lang.String, identifying=true}'}] and the following status: [COMPLETED] in 51ms 
2024-07-14 19:04:43,188 INFO HikariPool-1 - Shutdown initiated... 
2024-07-14 19:04:43,200 INFO HikariPool-1 - Shutdown completed. 
2024-07-14 19:13:09,499 INFO Could not detect default configuration classes for test class [com.example.demo.HelloSpringBatchApplicationTests]: HelloSpringBatchApplicationTests does not declare any static, non-private, non-final, nested classes annotated with @Configuration. 
2024-07-14 19:13:09,533 INFO Found @SpringBootConfiguration com.example.demo.HelloSpringBatchApplication for test class com.example.demo.HelloSpringBatchApplicationTests 
2024-07-14 19:13:09,638 INFO Starting HelloSpringBatchApplicationTests using Java 21.0.3 with PID 31643 (started by satokeita in /Applications/Eclipse_2024-06.app/Contents/workspace/hello-spring-batch) 
2024-07-14 19:13:09,639 INFO No active profile set, falling back to 1 default profile: "default" 
2024-07-14 19:13:09,821 WARN Bean 'org.springframework.boot.autoconfigure.jdbc.DataSourceConfiguration$Hikari' of type [org.springframework.boot.autoconfigure.jdbc.DataSourceConfiguration$Hikari] is not eligible for getting processed by all BeanPostProcessors (for example: not eligible for auto-proxying). Is this bean getting eagerly injected into a currently created BeanPostProcessor [jobRegistryBeanPostProcessor]? Check the corresponding BeanPostProcessor declaration and its dependencies. 
2024-07-14 19:13:09,833 WARN Bean 'spring.datasource-org.springframework.boot.autoconfigure.jdbc.DataSourceProperties' of type [org.springframework.boot.autoconfigure.jdbc.DataSourceProperties] is not eligible for getting processed by all BeanPostProcessors (for example: not eligible for auto-proxying). Is this bean getting eagerly injected into a currently created BeanPostProcessor [jobRegistryBeanPostProcessor]? Check the corresponding BeanPostProcessor declaration and its dependencies. 
2024-07-14 19:13:09,834 WARN Bean 'org.springframework.boot.autoconfigure.jdbc.DataSourceAutoConfiguration$PooledDataSourceConfiguration' of type [org.springframework.boot.autoconfigure.jdbc.DataSourceAutoConfiguration$PooledDataSourceConfiguration] is not eligible for getting processed by all BeanPostProcessors (for example: not eligible for auto-proxying). Is this bean getting eagerly injected into a currently created BeanPostProcessor [jobRegistryBeanPostProcessor]? Check the corresponding BeanPostProcessor declaration and its dependencies. 
2024-07-14 19:13:09,834 WARN Bean 'jdbcConnectionDetails' of type [org.springframework.boot.autoconfigure.jdbc.PropertiesJdbcConnectionDetails] is not eligible for getting processed by all BeanPostProcessors (for example: not eligible for auto-proxying). Is this bean getting eagerly injected into a currently created BeanPostProcessor [jobRegistryBeanPostProcessor]? Check the corresponding BeanPostProcessor declaration and its dependencies. 
2024-07-14 19:13:09,841 WARN Bean 'dataSource' of type [com.zaxxer.hikari.HikariDataSource] is not eligible for getting processed by all BeanPostProcessors (for example: not eligible for auto-proxying). Is this bean getting eagerly injected into a currently created BeanPostProcessor [jobRegistryBeanPostProcessor]? Check the corresponding BeanPostProcessor declaration and its dependencies. 
2024-07-14 19:13:09,843 WARN Bean 'org.springframework.boot.autoconfigure.jdbc.DataSourceTransactionManagerAutoConfiguration$JdbcTransactionManagerConfiguration' of type [org.springframework.boot.autoconfigure.jdbc.DataSourceTransactionManagerAutoConfiguration$JdbcTransactionManagerConfiguration] is not eligible for getting processed by all BeanPostProcessors (for example: not eligible for auto-proxying). Is this bean getting eagerly injected into a currently created BeanPostProcessor [jobRegistryBeanPostProcessor]? Check the corresponding BeanPostProcessor declaration and its dependencies. 
2024-07-14 19:13:09,845 WARN Bean 'org.springframework.boot.autoconfigure.transaction.TransactionManagerCustomizationAutoConfiguration' of type [org.springframework.boot.autoconfigure.transaction.TransactionManagerCustomizationAutoConfiguration] is not eligible for getting processed by all BeanPostProcessors (for example: not eligible for auto-proxying). Is this bean getting eagerly injected into a currently created BeanPostProcessor [jobRegistryBeanPostProcessor]? Check the corresponding BeanPostProcessor declaration and its dependencies. 
2024-07-14 19:13:09,847 WARN Bean 'transactionExecutionListeners' of type [org.springframework.boot.autoconfigure.transaction.ExecutionListenersTransactionManagerCustomizer] is not eligible for getting processed by all BeanPostProcessors (for example: not eligible for auto-proxying). Is this bean getting eagerly injected into a currently created BeanPostProcessor [jobRegistryBeanPostProcessor]? Check the corresponding BeanPostProcessor declaration and its dependencies. 
2024-07-14 19:13:09,848 WARN Bean 'spring.transaction-org.springframework.boot.autoconfigure.transaction.TransactionProperties' of type [org.springframework.boot.autoconfigure.transaction.TransactionProperties] is not eligible for getting processed by all BeanPostProcessors (for example: not eligible for auto-proxying). Is this bean getting eagerly injected into a currently created BeanPostProcessor [jobRegistryBeanPostProcessor]? Check the corresponding BeanPostProcessor declaration and its dependencies. 
2024-07-14 19:13:09,848 WARN Bean 'platformTransactionManagerCustomizers' of type [org.springframework.boot.autoconfigure.transaction.TransactionManagerCustomizers] is not eligible for getting processed by all BeanPostProcessors (for example: not eligible for auto-proxying). Is this bean getting eagerly injected into a currently created BeanPostProcessor [jobRegistryBeanPostProcessor]? Check the corresponding BeanPostProcessor declaration and its dependencies. 
2024-07-14 19:13:09,850 WARN Bean 'transactionManager' of type [org.springframework.jdbc.support.JdbcTransactionManager] is not eligible for getting processed by all BeanPostProcessors (for example: not eligible for auto-proxying). Is this bean getting eagerly injected into a currently created BeanPostProcessor [jobRegistryBeanPostProcessor]? Check the corresponding BeanPostProcessor declaration and its dependencies. 
2024-07-14 19:13:09,851 WARN Bean 'spring.batch-org.springframework.boot.autoconfigure.batch.BatchProperties' of type [org.springframework.boot.autoconfigure.batch.BatchProperties] is not eligible for getting processed by all BeanPostProcessors (for example: not eligible for auto-proxying). Is this bean getting eagerly injected into a currently created BeanPostProcessor [jobRegistryBeanPostProcessor]? Check the corresponding BeanPostProcessor declaration and its dependencies. 
2024-07-14 19:13:09,854 WARN Bean 'org.springframework.boot.autoconfigure.batch.BatchAutoConfiguration$SpringBootBatchConfiguration' of type [org.springframework.boot.autoconfigure.batch.BatchAutoConfiguration$SpringBootBatchConfiguration] is not eligible for getting processed by all BeanPostProcessors (for example: not eligible for auto-proxying). The currently created BeanPostProcessor [jobRegistryBeanPostProcessor] is declared through a non-static factory method on that class; consider declaring it as static instead. 
2024-07-14 19:13:09,863 INFO HikariPool-1 - Starting... 
2024-07-14 19:13:10,038 INFO HikariPool-1 - Added connection com.mysql.cj.jdbc.ConnectionImpl@7df6d663 
2024-07-14 19:13:10,038 INFO HikariPool-1 - Start completed. 
2024-07-14 19:13:10,143 INFO Started HelloSpringBatchApplicationTests in 0.573 seconds (process running for 0.95) 
2024-07-14 19:13:10,144 INFO Running default command line with: [] 
2024-07-14 19:13:10,186 INFO Job: [SimpleJob: [name=helloJob]] launched with the following parameters: [{'run.id':'{value=15, type=class java.lang.Long, identifying=true}','param1':'{value=TEST, type=class java.lang.String, identifying=true}','param2':'{value=1111, type=class java.lang.String, identifying=true}'}] 
2024-07-14 19:13:10,212 INFO Executing step: [helloTasklet1Step] 
2024-07-14 19:13:10,227 INFO Hello Tasklet 1 !!! 
2024-07-14 19:13:10,227 INFO param1 = TEST 
2024-07-14 19:13:10,227 INFO param2 = 1111 
2024-07-14 19:13:10,231 INFO Step: [helloTasklet1Step] executed in 18ms 
2024-07-14 19:13:10,241 INFO Executing step: [helloTasklet2Step] 
2024-07-14 19:13:10,268 INFO HelloTasklet2 !!!! 
2024-07-14 19:13:10,269 INFO jobValue = jobValue1 
2024-07-14 19:13:10,273 INFO Step: [helloTasklet2Step] executed in 31ms 
2024-07-14 19:13:10,279 INFO Job: [SimpleJob: [name=helloJob]] completed with the following parameters: [{'run.id':'{value=15, type=class java.lang.Long, identifying=true}','param1':'{value=TEST, type=class java.lang.String, identifying=true}','param2':'{value=1111, type=class java.lang.String, identifying=true}'}] and the following status: [COMPLETED] in 86ms 
2024-07-14 19:13:10,972 INFO HikariPool-1 - Shutdown initiated... 
2024-07-14 19:13:10,974 INFO HikariPool-1 - Shutdown completed. 
