2024-07-14 18:56:14,264 INFO Starting HelloSpringBatchApplication using Java 21.0.3 with PID 24996 (/Applications/Eclipse_2024-06.app/Contents/workspace/hello-spring-batch/target/classes started by satokeita in /Applications/Eclipse_2024-06.app/Contents/workspace/hello-spring-batch) 
2024-07-14 18:56:14,264 INFO No active profile set, falling back to 1 default profile: "default" 
2024-07-14 18:56:14,438 WARN Bean 'org.springframework.boot.autoconfigure.jdbc.DataSourceConfiguration$Hikari' of type [org.springframework.boot.autoconfigure.jdbc.DataSourceConfiguration$Hikari] is not eligible for getting processed by all BeanPostProcessors (for example: not eligible for auto-proxying). Is this bean getting eagerly injected into a currently created BeanPostProcessor [jobRegistryBeanPostProcessor]? Check the corresponding BeanPostProcessor declaration and its dependencies. 
2024-07-14 18:56:14,450 WARN Bean 'spring.datasource-org.springframework.boot.autoconfigure.jdbc.DataSourceProperties' of type [org.springframework.boot.autoconfigure.jdbc.DataSourceProperties] is not eligible for getting processed by all BeanPostProcessors (for example: not eligible for auto-proxying). Is this bean getting eagerly injected into a currently created BeanPostProcessor [jobRegistryBeanPostProcessor]? Check the corresponding BeanPostProcessor declaration and its dependencies. 
2024-07-14 18:56:14,451 WARN Bean 'org.springframework.boot.autoconfigure.jdbc.DataSourceAutoConfiguration$PooledDataSourceConfiguration' of type [org.springframework.boot.autoconfigure.jdbc.DataSourceAutoConfiguration$PooledDataSourceConfiguration] is not eligible for getting processed by all BeanPostProcessors (for example: not eligible for auto-proxying). Is this bean getting eagerly injected into a currently created BeanPostProcessor [jobRegistryBeanPostProcessor]? Check the corresponding BeanPostProcessor declaration and its dependencies. 
2024-07-14 18:56:14,451 WARN Bean 'jdbcConnectionDetails' of type [org.springframework.boot.autoconfigure.jdbc.PropertiesJdbcConnectionDetails] is not eligible for getting processed by all BeanPostProcessors (for example: not eligible for auto-proxying). Is this bean getting eagerly injected into a currently created BeanPostProcessor [jobRegistryBeanPostProcessor]? Check the corresponding BeanPostProcessor declaration and its dependencies. 
2024-07-14 18:56:14,461 WARN Bean 'dataSource' of type [com.zaxxer.hikari.HikariDataSource] is not eligible for getting processed by all BeanPostProcessors (for example: not eligible for auto-proxying). Is this bean getting eagerly injected into a currently created BeanPostProcessor [jobRegistryBeanPostProcessor]? Check the corresponding BeanPostProcessor declaration and its dependencies. 
2024-07-14 18:56:14,463 WARN Bean 'org.springframework.boot.autoconfigure.jdbc.DataSourceTransactionManagerAutoConfiguration$JdbcTransactionManagerConfiguration' of type [org.springframework.boot.autoconfigure.jdbc.DataSourceTransactionManagerAutoConfiguration$JdbcTransactionManagerConfiguration] is not eligible for getting processed by all BeanPostProcessors (for example: not eligible for auto-proxying). Is this bean getting eagerly injected into a currently created BeanPostProcessor [jobRegistryBeanPostProcessor]? Check the corresponding BeanPostProcessor declaration and its dependencies. 
2024-07-14 18:56:14,465 WARN Bean 'org.springframework.boot.autoconfigure.transaction.TransactionManagerCustomizationAutoConfiguration' of type [org.springframework.boot.autoconfigure.transaction.TransactionManagerCustomizationAutoConfiguration] is not eligible for getting processed by all BeanPostProcessors (for example: not eligible for auto-proxying). Is this bean getting eagerly injected into a currently created BeanPostProcessor [jobRegistryBeanPostProcessor]? Check the corresponding BeanPostProcessor declaration and its dependencies. 
2024-07-14 18:56:14,466 WARN Bean 'transactionExecutionListeners' of type [org.springframework.boot.autoconfigure.transaction.ExecutionListenersTransactionManagerCustomizer] is not eligible for getting processed by all BeanPostProcessors (for example: not eligible for auto-proxying). Is this bean getting eagerly injected into a currently created BeanPostProcessor [jobRegistryBeanPostProcessor]? Check the corresponding BeanPostProcessor declaration and its dependencies. 
2024-07-14 18:56:14,467 WARN Bean 'spring.transaction-org.springframework.boot.autoconfigure.transaction.TransactionProperties' of type [org.springframework.boot.autoconfigure.transaction.TransactionProperties] is not eligible for getting processed by all BeanPostProcessors (for example: not eligible for auto-proxying). Is this bean getting eagerly injected into a currently created BeanPostProcessor [jobRegistryBeanPostProcessor]? Check the corresponding BeanPostProcessor declaration and its dependencies. 
2024-07-14 18:56:14,467 WARN Bean 'platformTransactionManagerCustomizers' of type [org.springframework.boot.autoconfigure.transaction.TransactionManagerCustomizers] is not eligible for getting processed by all BeanPostProcessors (for example: not eligible for auto-proxying). Is this bean getting eagerly injected into a currently created BeanPostProcessor [jobRegistryBeanPostProcessor]? Check the corresponding BeanPostProcessor declaration and its dependencies. 
2024-07-14 18:56:14,469 WARN Bean 'transactionManager' of type [org.springframework.jdbc.support.JdbcTransactionManager] is not eligible for getting processed by all BeanPostProcessors (for example: not eligible for auto-proxying). Is this bean getting eagerly injected into a currently created BeanPostProcessor [jobRegistryBeanPostProcessor]? Check the corresponding BeanPostProcessor declaration and its dependencies. 
2024-07-14 18:56:14,470 WARN Bean 'spring.batch-org.springframework.boot.autoconfigure.batch.BatchProperties' of type [org.springframework.boot.autoconfigure.batch.BatchProperties] is not eligible for getting processed by all BeanPostProcessors (for example: not eligible for auto-proxying). Is this bean getting eagerly injected into a currently created BeanPostProcessor [jobRegistryBeanPostProcessor]? Check the corresponding BeanPostProcessor declaration and its dependencies. 
2024-07-14 18:56:14,473 WARN Bean 'org.springframework.boot.autoconfigure.batch.BatchAutoConfiguration$SpringBootBatchConfiguration' of type [org.springframework.boot.autoconfigure.batch.BatchAutoConfiguration$SpringBootBatchConfiguration] is not eligible for getting processed by all BeanPostProcessors (for example: not eligible for auto-proxying). The currently created BeanPostProcessor [jobRegistryBeanPostProcessor] is declared through a non-static factory method on that class; consider declaring it as static instead. 
2024-07-14 18:56:14,480 INFO HikariPool-1 - Starting... 
2024-07-14 18:56:14,609 INFO HikariPool-1 - Added connection com.mysql.cj.jdbc.ConnectionImpl@78cfa264 
2024-07-14 18:56:14,609 INFO HikariPool-1 - Start completed. 
2024-07-14 18:56:14,703 INFO Started HelloSpringBatchApplication in 0.52 seconds (process running for 0.932) 
2024-07-14 18:56:14,704 INFO Running default command line with: [param1=TEST, param2=1111] 
2024-07-14 18:56:14,740 INFO Job: [SimpleJob: [name=helloJob]] launched with the following parameters: [{'run.id':'{value=11, type=class java.lang.Long, identifying=true}','param1':'{value=TEST, type=class java.lang.String, identifying=true}','param2':'{value=1111, type=class java.lang.String, identifying=true}'}] 
2024-07-14 18:56:14,757 INFO Executing step: [helloTasklet1Step] 
2024-07-14 18:56:14,769 INFO Hello Tasklet 1 !!! 
2024-07-14 18:56:14,770 INFO param1 = TEST 
2024-07-14 18:56:14,770 INFO param2 = 1111 
2024-07-14 18:56:14,774 INFO Step: [helloTasklet1Step] executed in 16ms 
2024-07-14 18:56:14,787 INFO Executing step: [helloTasklet2Step] 
2024-07-14 18:56:14,790 INFO HelloTasklet2 !!!! 
2024-07-14 18:56:14,790 INFO jobValue = jobValue1 
2024-07-14 18:56:14,794 INFO Step: [helloTasklet2Step] executed in 6ms 
2024-07-14 18:56:14,801 INFO Job: [SimpleJob: [name=helloJob]] completed with the following parameters: [{'run.id':'{value=11, type=class java.lang.Long, identifying=true}','param1':'{value=TEST, type=class java.lang.String, identifying=true}','param2':'{value=1111, type=class java.lang.String, identifying=true}'}] and the following status: [COMPLETED] in 54ms 
2024-07-14 18:56:14,802 INFO HikariPool-1 - Shutdown initiated... 
2024-07-14 18:56:14,812 INFO HikariPool-1 - Shutdown completed. 
